<?xml version="1.0" encoding="UTF-8"?>
<!-- Generated by org.testng.reporters.JUnitReportReporter -->
<testsuite hostname="Suresh_D" failures="0" tests="5" name="contactmanagementsystem.com.sudha.tests.SignUpTest" time="28.897" errors="0" timestamp="2025-07-01T02:06:06 BST" skipped="0">
  <testcase classname="contactmanagementsystem.com.sudha.tests.SignUpTest" name="validSignUp" time="6.250"/>
  <testcase classname="contactmanagementsystem.com.sudha.tests.SignUpTest" name="inValidSignUp" time="5.707"/>
  <testcase classname="contactmanagementsystem.com.sudha.tests.SignUpTest" name="blankSignUp" time="5.470"/>
  <testcase classname="contactmanagementsystem.com.sudha.tests.SignUpTest" name="invalidSignUpPasswordDoNotMatch" time="5.782"/>
  <testcase classname="contactmanagementsystem.com.sudha.tests.SignUpTest" name="invalidSignUpWrongEmailId" time="5.688"/>
</testsuite> <!-- contactmanagementsystem.com.sudha.tests.SignUpTest -->
