<?xml version="1.0" encoding="UTF-8"?>
<!-- Generated by org.testng.reporters.JUnitReportReporter -->
<testsuite hostname="Suresh_D" failures="0" tests="1" name="contactmanagementsystem.com.sudha.tests.APITest" time="0.000" errors="0" timestamp="2025-07-01T02:06:06 BST" skipped="1">
  <testcase classname="contactmanagementsystem.com.sudha.tests.APITest" name="testDeleteUserAPI" time="0.000">
    <skipped/>
  </testcase> <!-- testDeleteUserAPI -->
</testsuite> <!-- contactmanagementsystem.com.sudha.tests.APITest -->
