<?xml version="1.0" encoding="UTF-8"?>
<!-- Generated by org.testng.reporters.JUnitReportReporter -->
<testsuite hostname="Suresh_D" failures="0" tests="2" name="contactmanagementsystem.com.sudha.tests.SessionTest" time="11.871" errors="0" timestamp="2025-07-01T02:06:06 BST" skipped="0">
  <testcase classname="contactmanagementsystem.com.sudha.tests.SessionTest" name="verifyLoginStateOnRefresh" time="5.903"/>
  <testcase classname="contactmanagementsystem.com.sudha.tests.SessionTest" name="verifyLogoutRedirectToLogin" time="5.968"/>
</testsuite> <!-- contactmanagementsystem.com.sudha.tests.SessionTest -->
