<?xml version="1.0" encoding="UTF-8"?>
<!-- Generated by org.testng.reporters.JUnitReportReporter -->
<testsuite hostname="Suresh_D" failures="0" tests="5" name="contactmanagementsystem.com.sudha.tests.SignUpTest" time="13.426" errors="0" timestamp="2025-07-26T00:47:34 BST" skipped="0">
  <testcase classname="contactmanagementsystem.com.sudha.tests.SignUpTest" name="validSignUp" time="3.276"/>
  <testcase classname="contactmanagementsystem.com.sudha.tests.SignUpTest" name="inValidSignUp" time="3.086"/>
  <testcase classname="contactmanagementsystem.com.sudha.tests.SignUpTest" name="blankSignUp" time="2.196"/>
  <testcase classname="contactmanagementsystem.com.sudha.tests.SignUpTest" name="invalidSignUpPasswordDoNotMatch" time="2.441"/>
  <testcase classname="contactmanagementsystem.com.sudha.tests.SignUpTest" name="invalidSignUpWrongEmailId" time="2.427"/>
</testsuite> <!-- contactmanagementsystem.com.sudha.tests.SignUpTest -->
