<?xml version="1.0" encoding="UTF-8"?>
<!-- Generated by org.testng.reporters.JUnitReportReporter -->
<testsuite hostname="Suresh_D" failures="0" tests="5" name="contactmanagementsystem.com.sudha.tests.AddContactTests" time="30.476" errors="0" timestamp="2025-07-01T02:06:06 BST" skipped="0">
  <testcase classname="contactmanagementsystem.com.sudha.tests.AddContactTests" name="validAddContactTest" time="6.221"/>
  <testcase classname="contactmanagementsystem.com.sudha.tests.AddContactTests" name="duplicateContactDetails" time="8.569"/>
  <testcase classname="contactmanagementsystem.com.sudha.tests.AddContactTests" name="invalidAddContactTest" time="5.094"/>
  <testcase classname="contactmanagementsystem.com.sudha.tests.AddContactTests" name="validateContactFormResetTest" time="4.841"/>
  <testcase classname="contactmanagementsystem.com.sudha.tests.AddContactTests" name="invalidPhoneNumberTest" time="5.751"/>
</testsuite> <!-- contactmanagementsystem.com.sudha.tests.AddContactTests -->
