<?xml version="1.0" encoding="UTF-8"?>
<!-- Generated by org.testng.reporters.JUnitReportReporter -->
<testsuite hostname="Suresh_D" failures="0" tests="2" name="contactmanagementsystem.com.sudha.tests.LoginTest" time="6.877" errors="0" timestamp="2025-06-17T11:10:04 BST" skipped="0">
  <testcase classname="contactmanagementsystem.com.sudha.tests.LoginTest" name="validateHeaderText" time="1.848"/>
  <testcase classname="contactmanagementsystem.com.sudha.tests.LoginTest" name="openSignupPage" time="5.029"/>
</testsuite> <!-- contactmanagementsystem.com.sudha.tests.LoginTest -->
